<?xml version="1.0" encoding="UTF-8" ?>
<testsuite tests="16" failures="0" name="UniCinemaTest.Authentication.controller.AuthenticationServletTest" time="0.763" errors="0" skipped="0">
  <properties>
[...]
</properties>
  <testcase classname="UniCinemaTest.Authentication.controller.AuthenticationServletTest" name="doPostEditFalse" time="0.654"/>
  <testcase classname="UniCinemaTest.Authentication.controller.AuthenticationServletTest" name="doGetValueProfile" time="0.033"/>
  <testcase classname="UniCinemaTest.Authentication.controller.AuthenticationServletTest" name="doGetValueIsLogoutTest" time="0.009"/>
  <testcase classname="UniCinemaTest.Authentication.controller.AuthenticationServletTest" name="doGetSignin" time="0"/>
  <testcase classname="UniCinemaTest.Authentication.controller.AuthenticationServletTest" name="doPostSigninAccountNull" time="0.025"/>
  <testcase classname="UniCinemaTest.Authentication.controller.AuthenticationServletTest" name="doGetNotValid" time="0.002"/>
  <testcase classname="UniCinemaTest.Authentication.controller.AuthenticationServletTest" name="doPostEditNullFirstname" time="0.004"/>
  <testcase classname="UniCinemaTest.Authentication.controller.AuthenticationServletTest" name="doPostValueEdit" time="0.005"/>
  <testcase classname="UniCinemaTest.Authentication.controller.AuthenticationServletTest" name="doPostEditAccountSessionNull" time="0.004"/>
  <testcase classname="UniCinemaTest.Authentication.controller.AuthenticationServletTest" name="doPostNotValid" time="0.003"/>
  <testcase classname="UniCinemaTest.Authentication.controller.AuthenticationServletTest" name="doPostEditFirstnameLastnameNull" time="0.004"/>
  <testcase classname="UniCinemaTest.Authentication.controller.AuthenticationServletTest" name="doPostValueSignin" time="0.008"/>
  <testcase classname="UniCinemaTest.Authentication.controller.AuthenticationServletTest" name="doPostEditFirstnameLastnameEmailNull" time="0.002"/>
  <testcase classname="UniCinemaTest.Authentication.controller.AuthenticationServletTest" name="doPostEditPasswordNull" time="0.003"/>
  <testcase classname="UniCinemaTest.Authentication.controller.AuthenticationServletTest" name="doPostEditFirstnameNull" time="0.003"/>
  <testcase classname="UniCinemaTest.Authentication.controller.AuthenticationServletTest" name="doPostEditNotAjax" time="0.004"/>
</testsuite>