<?xml version="1.0" encoding="UTF-8" ?>
<testsuite tests="13" failures="0" name="UniCinemaTest.ReviewManager.service.ReviewServiceMethodsTest" time="0.017" errors="0" skipped="0">
  <properties>
[...]
</properties>
  <testcase classname="UniCinemaTest.ReviewManager.service.ReviewServiceMethodsTest" name="[0] 1 (delete)" time="0.003"/>
  <testcase classname="UniCinemaTest.ReviewManager.service.ReviewServiceMethodsTest" name="[0] Review[account=null, film=null, description=Descrizione recensione, title=Titolo recensione, date=2022-02-14, time=11:29:27.984366500, stars=5] (insert)" time="0.001"/>
  <testcase classname="UniCinemaTest.ReviewManager.service.ReviewServiceMethodsTest" name="percentageStars" time="0"/>
  <testcase classname="UniCinemaTest.ReviewManager.service.ReviewServiceMethodsTest" name="[0] [Review[account=null, film=null, description=Descrizione recensione1, title=Titolo recensione1, date=2022-02-14, time=11:29:27.989353, stars=5], Review[account=null, film=null, description=Descrizione recensione2, title=Titolo recensione2, date=2022-02-14, time=11:29:27.989353, stars=5], Review[account=null, film=null, description=Descrizione recensione3, title=Titolo recensione3, date=2022-02-14, time=11:29:27.989353, stars=2], Review[account=null, film=null, description=Descrizione recensione4, title=Titolo recensione4, date=2022-02-14, time=11:29:27.989353, stars=4], Review[account=null, film=null, description=Descrizione recensione4, title=Titolo recensione4, date=2022-02-14, time=11:29:27.989353, stars=4], Review[account=null, film=null, description=Descrizione recensione5, title=Titolo recensione5, date=2022-02-14, time=11:29:27.989353, stars=5]], 5 (percentageStars)" time="0.013"/>
  <testcase classname="UniCinemaTest.ReviewManager.service.ReviewServiceMethodsTest" name="[0] [], 5 (averageStarsEmpty)" time="0"/>
  <testcase classname="UniCinemaTest.ReviewManager.service.ReviewServiceMethodsTest" name="[0] Film[id=12, length=120, genre=5, title=titoloFilm, plot=tramaFilm, cover=cover.png, poster=poster.png, datePublishing=2022-02-14, actorList=null, directorList=null, houseProductionList=null, productionList=null, reviewList=null, showList=null] (countAll)" time="0"/>
  <testcase classname="UniCinemaTest.ReviewManager.service.ReviewServiceMethodsTest" name="[0] 1, 7 (fetch)" time="0"/>
  <testcase classname="UniCinemaTest.ReviewManager.service.ReviewServiceMethodsTest" name="[0] 1 (fetchAll)" time="0"/>
  <testcase classname="UniCinemaTest.ReviewManager.service.ReviewServiceMethodsTest" name="[0] Film[id=12, length=120, genre=5, title=titoloFilm, plot=tramaFilm, cover=cover.png, poster=poster.png, datePublishing=2022-02-14, actorList=null, directorList=null, houseProductionList=null, productionList=null, reviewList=null, showList=null], Paginator[limit=5, offset=0] (fetchAll)" time="0"/>
  <testcase classname="UniCinemaTest.ReviewManager.service.ReviewServiceMethodsTest" name="[0] 1 (countByAccountId)" time="0"/>
  <testcase classname="UniCinemaTest.ReviewManager.service.ReviewServiceMethodsTest" name="averageStars" time="0"/>
  <testcase classname="UniCinemaTest.ReviewManager.service.ReviewServiceMethodsTest" name="[0] [Review[account=null, film=null, description=Descrizione recensione1, title=Titolo recensione1, date=2022-02-14, time=11:29:27.990350200, stars=5], Review[account=null, film=null, description=Descrizione recensione2, title=Titolo recensione2, date=2022-02-14, time=11:29:27.990350200, stars=5], Review[account=null, film=null, description=Descrizione recensione3, title=Titolo recensione3, date=2022-02-14, time=11:29:27.990350200, stars=2], Review[account=null, film=null, description=Descrizione recensione4, title=Titolo recensione4, date=2022-02-14, time=11:29:27.990350200, stars=4], Review[account=null, film=null, description=Descrizione recensione4, title=Titolo recensione4, date=2022-02-14, time=11:29:27.990350200, stars=4], Review[account=null, film=null, description=Descrizione recensione5, title=Titolo recensione5, date=2022-02-14, time=11:29:27.990350200, stars=5]], 5 (averageStars)" time="0"/>
  <testcase classname="UniCinemaTest.ReviewManager.service.ReviewServiceMethodsTest" name="[0] [], 5 (percentageStarsEmpty)" time="0"/>
</testsuite>